This file contains any messages produced by compilers while
running configure, to aid debugging if configure makes a mistake.

It was created by configure, which was
generated by GNU Autoconf 2.65.  Invocation command line was

  $ ./configure --with-pcre-libdir= --with-pcre-incdir=

## --------- ##
## Platform. ##
## --------- ##

hostname = xsb-dwarren
uname -m = i686
uname -r = 1.7.7(0.230/5/3)
uname -s = CYGWIN_NT-6.1-WOW64
uname -v = 2010-08-31 09:58

/usr/bin/uname -p = unknown
/bin/uname -X     = unknown

/bin/arch              = i686
/usr/bin/arch -k       = unknown
/usr/convex/getsysinfo = unknown
/usr/bin/hostinfo      = unknown
/bin/machine           = unknown
/usr/bin/oslevel       = unknown
/bin/universe          = unknown

PATH: /usr/i686-w64-mingw32/bin
PATH: /cygdrive/c/XSBSYS/XSBENV/XSB/config/x64-pc-windows/bin
PATH: /usr/bin
PATH: /cygdrive/c/Program Files/Common Files/Microsoft Shared/Windows Live
PATH: /cygdrive/c/Program Files (x86)/Common Files/Microsoft Shared/Windows Live
PATH: /cygdrive/c/Windows/system32
PATH: /cygdrive/c/Windows
PATH: /cygdrive/c/Windows/System32/Wbem
PATH: /cygdrive/c/Windows/System32/WindowsPowerShell/v1.0/
PATH: /cygdrive/c/Program Files/WIDCOMM/Bluetooth Software/
PATH: /cygdrive/c/Program Files/WIDCOMM/Bluetooth Software/syswow64
PATH: /cygdrive/c/Program Files/Intel/WiFi/bin/
PATH: /cygdrive/c/Program Files/Common Files/Intel/WirelessCommon/
PATH: /cygdrive/c/Program Files (x86)/Sony/VAIO Startup Setting Tool
PATH: /cygdrive/c/Program Files (x86)/Windows Live/Shared
PATH: /cygdrive/c/Program Files (x86)/Microsoft Visual Studio 10.0/VC/bin/
PATH: /cygdrive/c/Program Files (x86)/Microsoft SQL Server/100/Tools/Binn/
PATH: /cygdrive/c/Program Files/Microsoft SQL Server/100/Tools/Binn/
PATH: /cygdrive/c/Program Files/Microsoft SQL Server/100/DTS/Binn/
PATH: /cygdrive/c/Program Files (x86)/Microsoft Visual Studio 10.0/Common7/IDE/
PATH: /cygdrive/c/XSBSYS/XSBENV/jdk/bin/
PATH: /cygdrive/c/XSBSYS/XSBENV/ant/bin
PATH: /cygdrive/c/Program Files (x86)/Microsoft SQL Server/80/Tools/Binn/
PATH: /cygdrive/c/Program Files/Microsoft SQL Server/90/Tools/binn/
PATH: /cygdrive/c/Program Files (x86)/Microsoft SQL Server/90/Tools/binn/
PATH: /cygdrive/c/Program Files (x86)/Microsoft SQL Server/90/DTS/Binn/
PATH: /cygdrive/c/Program Files (x86)/Microsoft SQL Server/90/Tools/Binn/VSShell/Common7/IDE/
PATH: /cygdrive/c/Program Files (x86)/Microsoft Visual Studio 8/Common7/IDE/PrivateAssemblies/
PATH: /usr/lib/w32api
PATH: /cygdrive/c/XSBSYS/XSBENV/XSB/pthreads/Pre-built/lib


## ----------- ##
## Core tests. ##
## ----------- ##

configure:2059: checking build system type
configure:2073: result: i686-pc-cygwin
configure:2093: checking host system type
configure:2106: result: i686-pc-cygwin
configure:2199: checking for gcc
configure:2215: found /usr/bin/gcc
configure:2226: result: gcc
configure:2455: checking for C compiler version
configure:2464: gcc --version >&5
gcc (GCC) 3.4.4 (cygming special, gdc 0.12, using dmd 0.125)
Copyright (C) 2004 Free Software Foundation, Inc.
This is free software; see the source for copying conditions.  There is NO
warranty; not even for MERCHANTABILITY or FITNESS FOR A PARTICULAR PURPOSE.

configure:2475: $? = 0
configure:2464: gcc -v >&5
Reading specs from /usr/lib/gcc/i686-pc-cygwin/3.4.4/specs
Configured with: /managed/gcc-build/final-v3-bootstrap/gcc-3.4.4-999/configure --verbose --program-suffix=-3 --prefix=/usr --exec-prefix=/usr --sysconfdir=/etc --libdir=/usr/lib --libexecdir=/usr/lib --mandir=/usr/share/man --infodir=/usr/share/info --enable-languages=c,ada,c++,d,f77,pascal,java,objc --enable-nls --without-included-gettext --enable-version-specific-runtime-libs --without-x --enable-libgcj --disable-java-awt --with-system-zlib --enable-interpreter --disable-libgcj-debug --enable-threads=posix --enable-java-gc=boehm --disable-win32-registry --enable-sjlj-exceptions --enable-hash-synchronization --enable-libstdcxx-debug
Thread model: posix
gcc version 3.4.4 (cygming special, gdc 0.12, using dmd 0.125)
configure:2475: $? = 0
configure:2464: gcc -V >&5
gcc: `-V' option must have argument
configure:2475: $? = 1
configure:2464: gcc -qversion >&5
gcc: unrecognized option `-qversion'
gcc: no input files
configure:2475: $? = 1
configure:2495: checking whether the C compiler works
configure:2517: gcc    conftest.c  >&5
configure:2521: $? = 0
configure:2570: result: yes
configure:2573: checking for C compiler default output file name
configure:2575: result: a.exe
configure:2581: checking for suffix of executables
configure:2588: gcc -o conftest.exe    conftest.c  >&5
configure:2592: $? = 0
configure:2614: result: .exe
configure:2636: checking whether we are cross compiling
configure:2644: gcc -o conftest.exe    conftest.c  >&5
configure:2648: $? = 0
configure:2655: ./conftest.exe
configure:2659: $? = 0
configure:2674: result: no
configure:2679: checking for suffix of object files
configure:2701: gcc -c   conftest.c >&5
configure:2705: $? = 0
configure:2726: result: o
configure:2730: checking whether we are using the GNU C compiler
configure:2749: gcc -c   conftest.c >&5
configure:2749: $? = 0
configure:2758: result: yes
configure:2767: checking whether gcc accepts -g
configure:2787: gcc -c -g  conftest.c >&5
configure:2787: $? = 0
configure:2828: result: yes
configure:2845: checking for gcc option to accept ISO C89
configure:2909: gcc  -c -g -O2  conftest.c >&5
configure:2909: $? = 0
configure:2922: result: none needed
configure:2943: checking for main in -lpcre
configure:2962: gcc -o conftest.exe -g -O2   conftest.c -lpcre   >&5
/usr/lib/gcc/i686-pc-cygwin/3.4.4/../../../../i686-pc-cygwin/bin/ld: cannot find -lpcre
collect2: ld returned 1 exit status
configure:2962: $? = 1
configure: failed program was:
| /* confdefs.h */
| #define PACKAGE_NAME ""
| #define PACKAGE_TARNAME ""
| #define PACKAGE_VERSION ""
| #define PACKAGE_STRING ""
| #define PACKAGE_BUGREPORT ""
| #define PACKAGE_URL ""
| /* end confdefs.h.  */
| 
| 
| int
| main ()
| {
| return main ();
|   ;
|   return 0;
| }
configure:2971: result: no
configure:2999: checking how to run the C preprocessor
configure:3030: gcc -E  conftest.c
configure:3030: $? = 0
configure:3044: gcc -E  conftest.c
conftest.c:9:28: ac_nonexistent.h: No such file or directory
configure:3044: $? = 1
configure: failed program was:
| /* confdefs.h */
| #define PACKAGE_NAME ""
| #define PACKAGE_TARNAME ""
| #define PACKAGE_VERSION ""
| #define PACKAGE_STRING ""
| #define PACKAGE_BUGREPORT ""
| #define PACKAGE_URL ""
| /* end confdefs.h.  */
| #include <ac_nonexistent.h>
configure:3069: result: gcc -E
configure:3089: gcc -E  conftest.c
configure:3089: $? = 0
configure:3103: gcc -E  conftest.c
conftest.c:9:28: ac_nonexistent.h: No such file or directory
configure:3103: $? = 1
configure: failed program was:
| /* confdefs.h */
| #define PACKAGE_NAME ""
| #define PACKAGE_TARNAME ""
| #define PACKAGE_VERSION ""
| #define PACKAGE_STRING ""
| #define PACKAGE_BUGREPORT ""
| #define PACKAGE_URL ""
| /* end confdefs.h.  */
| #include <ac_nonexistent.h>
configure:3132: checking for grep that handles long lines and -e
configure:3190: result: /usr/bin/grep
configure:3195: checking for egrep
configure:3257: result: /usr/bin/grep -E
configure:3262: checking for ANSI C header files
configure:3282: gcc -c -g -O2  conftest.c >&5
configure:3282: $? = 0
configure:3355: gcc -o conftest.exe -g -O2   conftest.c  >&5
configure:3355: $? = 0
configure:3355: ./conftest.exe
configure:3355: $? = 0
configure:3366: result: yes
configure:3379: checking for sys/types.h
configure:3379: gcc -c -g -O2  conftest.c >&5
configure:3379: $? = 0
configure:3379: result: yes
configure:3379: checking for sys/stat.h
configure:3379: gcc -c -g -O2  conftest.c >&5
configure:3379: $? = 0
configure:3379: result: yes
configure:3379: checking for stdlib.h
configure:3379: gcc -c -g -O2  conftest.c >&5
configure:3379: $? = 0
configure:3379: result: yes
configure:3379: checking for string.h
configure:3379: gcc -c -g -O2  conftest.c >&5
configure:3379: $? = 0
configure:3379: result: yes
configure:3379: checking for memory.h
configure:3379: gcc -c -g -O2  conftest.c >&5
configure:3379: $? = 0
configure:3379: result: yes
configure:3379: checking for strings.h
configure:3379: gcc -c -g -O2  conftest.c >&5
configure:3379: $? = 0
configure:3379: result: yes
configure:3379: checking for inttypes.h
configure:3379: gcc -c -g -O2  conftest.c >&5
configure:3379: $? = 0
configure:3379: result: yes
configure:3379: checking for stdint.h
configure:3379: gcc -c -g -O2  conftest.c >&5
configure:3379: $? = 0
configure:3379: result: yes
configure:3379: checking for unistd.h
configure:3379: gcc -c -g -O2  conftest.c >&5
configure:3379: $? = 0
configure:3379: result: yes
configure:3395: checking pcre.h usability
configure:3395: gcc -c -g -O2  conftest.c >&5
conftest.c:52:18: pcre.h: No such file or directory
configure:3395: $? = 1
configure: failed program was:
| /* confdefs.h */
| #define PACKAGE_NAME ""
| #define PACKAGE_TARNAME ""
| #define PACKAGE_VERSION ""
| #define PACKAGE_STRING ""
| #define PACKAGE_BUGREPORT ""
| #define PACKAGE_URL ""
| #define STDC_HEADERS 1
| #define HAVE_SYS_TYPES_H 1
| #define HAVE_SYS_STAT_H 1
| #define HAVE_STDLIB_H 1
| #define HAVE_STRING_H 1
| #define HAVE_MEMORY_H 1
| #define HAVE_STRINGS_H 1
| #define HAVE_INTTYPES_H 1
| #define HAVE_STDINT_H 1
| #define HAVE_UNISTD_H 1
| /* end confdefs.h.  */
| #include <stdio.h>
| #ifdef HAVE_SYS_TYPES_H
| # include <sys/types.h>
| #endif
| #ifdef HAVE_SYS_STAT_H
| # include <sys/stat.h>
| #endif
| #ifdef STDC_HEADERS
| # include <stdlib.h>
| # include <stddef.h>
| #else
| # ifdef HAVE_STDLIB_H
| #  include <stdlib.h>
| # endif
| #endif
| #ifdef HAVE_STRING_H
| # if !defined STDC_HEADERS && defined HAVE_MEMORY_H
| #  include <memory.h>
| # endif
| # include <string.h>
| #endif
| #ifdef HAVE_STRINGS_H
| # include <strings.h>
| #endif
| #ifdef HAVE_INTTYPES_H
| # include <inttypes.h>
| #endif
| #ifdef HAVE_STDINT_H
| # include <stdint.h>
| #endif
| #ifdef HAVE_UNISTD_H
| # include <unistd.h>
| #endif
| #include <pcre.h>
configure:3395: result: no
configure:3395: checking pcre.h presence
configure:3395: gcc -E  conftest.c
conftest.c:19:18: pcre.h: No such file or directory
configure:3395: $? = 1
configure: failed program was:
| /* confdefs.h */
| #define PACKAGE_NAME ""
| #define PACKAGE_TARNAME ""
| #define PACKAGE_VERSION ""
| #define PACKAGE_STRING ""
| #define PACKAGE_BUGREPORT ""
| #define PACKAGE_URL ""
| #define STDC_HEADERS 1
| #define HAVE_SYS_TYPES_H 1
| #define HAVE_SYS_STAT_H 1
| #define HAVE_STDLIB_H 1
| #define HAVE_STRING_H 1
| #define HAVE_MEMORY_H 1
| #define HAVE_STRINGS_H 1
| #define HAVE_INTTYPES_H 1
| #define HAVE_STDINT_H 1
| #define HAVE_UNISTD_H 1
| /* end confdefs.h.  */
| #include <pcre.h>
configure:3395: result: no
configure:3395: checking for pcre.h
configure:3395: result: no
configure:3414: WARNING:  ****Your system is missing pcre.h, which is required
    for PCRE (Perl pattern matching library) to function.
****PCRE support will be disabled. To use PCRE, please install the packages
    libpcre and libpcre-dev.
configure:3574: creating ./config.status

## ---------------------- ##
## Running config.status. ##
## ---------------------- ##

This file was extended by config.status, which was
generated by GNU Autoconf 2.65.  Invocation command line was

  CONFIG_FILES    = 
  CONFIG_HEADERS  = 
  CONFIG_LINKS    = 
  CONFIG_COMMANDS = 
  $ ./config.status 

on xsb-dwarren

config.status:737: creating pcre_info.P

## ---------------- ##
## Cache variables. ##
## ---------------- ##

ac_cv_build=i686-pc-cygwin
ac_cv_c_compiler_gnu=yes
ac_cv_env_CC_set=
ac_cv_env_CC_value=
ac_cv_env_CFLAGS_set=
ac_cv_env_CFLAGS_value=
ac_cv_env_CPPFLAGS_set=
ac_cv_env_CPPFLAGS_value=
ac_cv_env_CPP_set=
ac_cv_env_CPP_value=
ac_cv_env_LDFLAGS_set=
ac_cv_env_LDFLAGS_value=
ac_cv_env_LIBS_set=
ac_cv_env_LIBS_value=
ac_cv_env_build_alias_set=
ac_cv_env_build_alias_value=
ac_cv_env_host_alias_set=
ac_cv_env_host_alias_value=
ac_cv_env_target_alias_set=
ac_cv_env_target_alias_value=
ac_cv_exeext=.exe
ac_cv_header_inttypes_h=yes
ac_cv_header_memory_h=yes
ac_cv_header_pcre_h=no
ac_cv_header_stdc=yes
ac_cv_header_stdint_h=yes
ac_cv_header_stdlib_h=yes
ac_cv_header_string_h=yes
ac_cv_header_strings_h=yes
ac_cv_header_sys_stat_h=yes
ac_cv_header_sys_types_h=yes
ac_cv_header_unistd_h=yes
ac_cv_host=i686-pc-cygwin
ac_cv_lib_pcre_main=no
ac_cv_objext=o
ac_cv_path_EGREP='/usr/bin/grep -E'
ac_cv_path_GREP=/usr/bin/grep
ac_cv_prog_CPP='gcc -E'
ac_cv_prog_ac_ct_CC=gcc
ac_cv_prog_cc_c89=
ac_cv_prog_cc_g=yes

## ----------------- ##
## Output variables. ##
## ----------------- ##

CC='gcc'
CFLAGS='-g -O2'
CPP='gcc -E'
CPPFLAGS=''
DEFS='-DPACKAGE_NAME=\"\" -DPACKAGE_TARNAME=\"\" -DPACKAGE_VERSION=\"\" -DPACKAGE_STRING=\"\" -DPACKAGE_BUGREPORT=\"\" -DPACKAGE_URL=\"\" -DSTDC_HEADERS=1 -DHAVE_SYS_TYPES_H=1 -DHAVE_SYS_STAT_H=1 -DHAVE_STDLIB_H=1 -DHAVE_STRING_H=1 -DHAVE_MEMORY_H=1 -DHAVE_STRINGS_H=1 -DHAVE_INTTYPES_H=1 -DHAVE_STDINT_H=1 -DHAVE_UNISTD_H=1'
ECHO_C=''
ECHO_N='-n'
ECHO_T=''
EGREP='/usr/bin/grep -E'
EXEEXT='.exe'
GREP='/usr/bin/grep'
LDFLAGS=''
LIBOBJS=''
LIBS=''
LTLIBOBJS=''
OBJEXT='o'
PACKAGE_BUGREPORT=''
PACKAGE_NAME=''
PACKAGE_STRING=''
PACKAGE_TARNAME=''
PACKAGE_URL=''
PACKAGE_VERSION=''
PATH_SEPARATOR=':'
SHELL='/bin/sh'
ac_ct_CC='gcc'
bindir='${exec_prefix}/bin'
build='i686-pc-cygwin'
build_alias=''
build_cpu='i686'
build_os='cygwin'
build_vendor='pc'
ccflags='-g -O2'
datadir='${datarootdir}'
datarootdir='${prefix}/share'
docdir='${datarootdir}/doc/${PACKAGE}'
dvidir='${docdir}'
exec_prefix='${prefix}'
host='i686-pc-cygwin'
host_alias=''
host_cpu='i686'
host_os='cygwin'
host_vendor='pc'
htmldir='${docdir}'
includedir='${prefix}/include'
infodir='${datarootdir}/info'
ldflags=''
libdir=''
libexecdir='${exec_prefix}/libexec'
localedir='${datarootdir}/locale'
localstatedir='${prefix}/var'
mandir='${datarootdir}/man'
oldincludedir='/usr/include'
pdfdir='${docdir}'
prefix='/usr/local'
program_transform_name='s,x,x,'
psdir='${docdir}'
sbindir='${exec_prefix}/sbin'
sharedstatedir='${prefix}/com'
support='no'
sysconfdir='${prefix}/etc'
target_alias=''

## ----------- ##
## confdefs.h. ##
## ----------- ##

/* confdefs.h */
#define PACKAGE_NAME ""
#define PACKAGE_TARNAME ""
#define PACKAGE_VERSION ""
#define PACKAGE_STRING ""
#define PACKAGE_BUGREPORT ""
#define PACKAGE_URL ""
#define STDC_HEADERS 1
#define HAVE_SYS_TYPES_H 1
#define HAVE_SYS_STAT_H 1
#define HAVE_STDLIB_H 1
#define HAVE_STRING_H 1
#define HAVE_MEMORY_H 1
#define HAVE_STRINGS_H 1
#define HAVE_INTTYPES_H 1
#define HAVE_STDINT_H 1
#define HAVE_UNISTD_H 1

configure: exit 0
